C:\HOME\DEV\ATHENA\DEBUG\ADLIST.OBJ
C:\HOME\DEV\ATHENA\DEBUG\ADLIST.SBR
C:\HOME\DEV\ATHENA\DEBUG\ATHENA.BSC
C:\HOME\DEV\ATHENA\DEBUG\ATHENA.EXE
C:\HOME\DEV\ATHENA\DEBUG\ATHENA.EXE.INTERMEDIATE.MANIFEST
C:\HOME\DEV\ATHENA\DEBUG\ATHENA.ILK
C:\HOME\DEV\ATHENA\DEBUG\ATHENA.OBJ
C:\HOME\DEV\ATHENA\DEBUG\ATHENA.PDB
C:\HOME\DEV\ATHENA\DEBUG\ATHENA.SBR
C:\home\dev\athena\Debug\BscMake.command.1.tlog
C:\home\dev\athena\Debug\bscmake.read.1.tlog
C:\home\dev\athena\Debug\bscmake.write.1.tlog
C:\home\dev\athena\Debug\cl.command.1.tlog
C:\home\dev\athena\Debug\CL.read.1.tlog
C:\home\dev\athena\Debug\CL.write.1.tlog
C:\HOME\DEV\ATHENA\DEBUG\COMMAND.OBJ
C:\HOME\DEV\ATHENA\DEBUG\COMMAND.SBR
C:\HOME\DEV\ATHENA\DEBUG\COMMANDS.OBJ
C:\HOME\DEV\ATHENA\DEBUG\COMMANDS.SBR
C:\HOME\DEV\ATHENA\DEBUG\DBENGINE.OBJ
C:\HOME\DEV\ATHENA\DEBUG\DBENGINE.SBR
C:\HOME\DEV\ATHENA\DEBUG\DBOBJECT.OBJ
C:\HOME\DEV\ATHENA\DEBUG\DBOBJECT.SBR
C:\HOME\DEV\ATHENA\DEBUG\DICT.OBJ
C:\HOME\DEV\ATHENA\DEBUG\DICT.SBR
C:\HOME\DEV\ATHENA\DEBUG\EVAL.OBJ
C:\HOME\DEV\ATHENA\DEBUG\EVAL.SBR
C:\home\dev\athena\Debug\link.command.1.tlog
C:\home\dev\athena\Debug\link.read.1.tlog
C:\home\dev\athena\Debug\link.write.1.tlog
C:\home\dev\athena\Debug\mt.command.1.tlog
C:\home\dev\athena\Debug\mt.read.1.tlog
C:\home\dev\athena\Debug\mt.write.1.tlog
C:\HOME\DEV\ATHENA\DEBUG\SDS.OBJ
C:\HOME\DEV\ATHENA\DEBUG\SDS.SBR
C:\HOME\DEV\ATHENA\DEBUG\SET.OBJ
C:\HOME\DEV\ATHENA\DEBUG\SET.SBR
C:\HOME\DEV\ATHENA\DEBUG\SETUTILS.OBJ
C:\HOME\DEV\ATHENA\DEBUG\SETUTILS.SBR
C:\HOME\DEV\ATHENA\DEBUG\STACK.OBJ
C:\HOME\DEV\ATHENA\DEBUG\STACK.SBR
C:\HOME\DEV\ATHENA\DEBUG\SYNCENGINE.OBJ
C:\HOME\DEV\ATHENA\DEBUG\SYNCENGINE.SBR
C:\HOME\DEV\ATHENA\DEBUG\TOKENIZER.OBJ
C:\HOME\DEV\ATHENA\DEBUG\TOKENIZER.SBR
C:\HOME\DEV\ATHENA\DEBUG\TUPLE.OBJ
C:\HOME\DEV\ATHENA\DEBUG\TUPLE.SBR
C:\home\dev\athena\Debug\vc100.idb
C:\HOME\DEV\ATHENA\DEBUG\VC100.PDB
